May 12 09:05:36 Installed: lz4-1.7.5-2.el7.x86_64
May 12 09:07:08 Installed: 1:grub2-tools-minimal-2.02-0.65.el7.centos.2.x86_64
May 12 09:07:10 Installed: 1:grub2-tools-2.02-0.65.el7.centos.2.x86_64
May 12 09:07:41 Installed: 1:grub2-tools-extra-2.02-0.65.el7.centos.2.x86_64
May 12 09:08:02 Installed: 1:grub2-2.02-0.65.el7.centos.2.x86_64
May 12 09:08:47 Installed: kernel-3.10.0-862.2.3.el7.x86_64
May 12 09:27:19 Installed: net-tools-2.0-0.22.20131004git.el7.x86_64
May 12 09:33:06 Installed: 1:perl-parent-0.225-244.el7.noarch
May 12 09:33:06 Installed: perl-HTTP-Tiny-0.033-3.el7.noarch
May 12 09:33:07 Installed: perl-podlators-2.5.1-3.el7.noarch
May 12 09:33:07 Installed: perl-Pod-Perldoc-3.20-4.el7.noarch
May 12 09:33:07 Installed: 1:perl-Pod-Escapes-1.04-292.el7.noarch
May 12 09:33:07 Installed: perl-Text-ParseWords-3.29-4.el7.noarch
May 12 09:33:08 Installed: perl-Encode-2.51-7.el7.x86_64
May 12 09:33:09 Installed: perl-Pod-Usage-1.63-3.el7.noarch
May 12 09:33:09 Installed: 4:perl-macros-5.16.3-292.el7.x86_64
May 12 09:33:09 Installed: 4:perl-libs-5.16.3-292.el7.x86_64
May 12 09:33:10 Installed: perl-Storable-2.45-3.el7.x86_64
May 12 09:33:10 Installed: perl-Exporter-5.68-3.el7.noarch
May 12 09:33:10 Installed: perl-constant-1.27-2.el7.noarch
May 12 09:33:10 Installed: perl-Time-Local-1.2300-2.el7.noarch
May 12 09:33:10 Installed: perl-Socket-2.010-4.el7.x86_64
May 12 09:33:10 Installed: perl-Carp-1.26-244.el7.noarch
May 12 09:33:11 Installed: 4:perl-Time-HiRes-1.9725-3.el7.x86_64
May 12 09:33:11 Installed: perl-PathTools-3.40-5.el7.x86_64
May 12 09:33:11 Installed: perl-Scalar-List-Utils-1.27-248.el7.x86_64
May 12 09:33:11 Installed: perl-File-Temp-0.23.01-3.el7.noarch
May 12 09:33:11 Installed: perl-File-Path-2.09-2.el7.noarch
May 12 09:33:11 Installed: perl-threads-shared-1.43-6.el7.x86_64
May 12 09:33:12 Installed: perl-threads-1.87-4.el7.x86_64
May 12 09:33:12 Installed: perl-Filter-1.49-3.el7.x86_64
May 12 09:33:12 Installed: 1:perl-Pod-Simple-3.28-4.el7.noarch
May 12 09:33:13 Installed: perl-Getopt-Long-2.40-3.el7.noarch
May 12 09:33:18 Installed: 4:perl-5.16.3-292.el7.x86_64
May 12 09:33:19 Installed: gpm-libs-1.20.7-5.el7.x86_64
May 12 09:33:20 Installed: 1:mc-4.8.7-11.el7.x86_64
May 12 11:14:49 Installed: wget-1.14-15.el7_4.1.x86_64
May 12 11:22:15 Installed: mpfr-3.1.1-4.el7.x86_64
May 12 11:22:15 Installed: libmpc-1.0.1-3.el7.x86_64
May 12 11:22:17 Installed: cpp-4.8.5-28.el7.x86_64
May 12 11:22:21 Installed: kernel-headers-3.10.0-862.2.3.el7.x86_64
May 12 11:22:23 Installed: glibc-headers-2.17-222.el7.x86_64
May 12 11:22:23 Installed: glibc-devel-2.17-222.el7.x86_64
May 12 11:22:28 Installed: gcc-4.8.5-28.el7.x86_64
May 12 11:55:03 Installed: bc-1.06.95-13.el7.x86_64
May 12 15:43:26 Installed: xz-lzma-compat-5.2.2-1.el7.x86_64
May 13 03:00:59 Installed: libquadmath-4.8.5-28.el7.x86_64
May 13 03:00:59 Installed: apr-1.4.8-3.el7_4.1.x86_64
May 13 03:01:00 Installed: m4-1.4.16-10.el7.x86_64
May 13 03:01:00 Installed: apr-util-1.5.2-6.el7.x86_64
May 13 03:01:01 Installed: zip-3.0-11.el7.x86_64
May 13 03:01:02 Installed: avahi-libs-0.6.31-19.el7.x86_64
May 13 03:01:02 Installed: patch-2.7.1-10.el7_5.x86_64
May 13 03:01:02 Installed: boost-system-1.53.0-27.el7.x86_64
May 13 03:01:03 Installed: unzip-6.0-19.el7.x86_64
May 13 03:01:03 Installed: 1:perl-Error-0.17020-2.el7.noarch
May 13 03:01:03 Installed: perl-Thread-Queue-3.02-2.el7.noarch
May 13 03:01:03 Installed: boost-thread-1.53.0-27.el7.x86_64
May 13 03:01:04 Installed: libgfortran-4.8.5-28.el7.x86_64
May 13 03:01:04 Installed: libquadmath-devel-4.8.5-28.el7.x86_64
May 13 03:01:04 Installed: libdwarf-20130207-4.el7.x86_64
May 13 03:01:04 Installed: perl-srpm-macros-1-8.el7.noarch
May 13 03:01:05 Installed: pakchois-0.4-10.el7.x86_64
May 13 03:01:05 Installed: dwz-0.11-3.el7.x86_64
May 13 03:01:05 Installed: redhat-rpm-config-9.1.0-80.el7.centos.noarch
May 13 03:01:05 Installed: 1:emacs-filesystem-24.3-20.el7_4.noarch
May 13 03:01:07 Installed: rsync-3.1.2-4.el7.x86_64
May 13 03:01:07 Installed: bzip2-1.0.6-13.el7.x86_64
May 13 03:01:07 Installed: perl-XML-Parser-2.41-10.el7.x86_64
May 13 03:01:08 Installed: perl-Data-Dumper-2.145-3.el7.x86_64
May 13 03:01:08 Installed: autoconf-2.69-11.el7.noarch
May 13 03:01:09 Installed: boost-date-time-1.53.0-27.el7.x86_64
May 13 03:01:10 Installed: dyninst-9.3.1-1.el7.x86_64
May 13 03:01:11 Installed: systemtap-runtime-3.2-4.el7.x86_64
May 13 03:01:12 Installed: libmodman-2.0.1-8.el7.x86_64
May 13 03:01:12 Installed: libproxy-0.4.11-11.el7.x86_64
May 13 03:01:13 Installed: gdb-7.6.1-110.el7.x86_64
May 13 03:01:14 Installed: elfutils-0.170-4.el7.x86_64
May 13 03:01:14 Installed: gettext-common-devel-0.19.8.1-2.el7.noarch
May 13 03:01:14 Installed: perl-Test-Harness-3.28-3.el7.noarch
May 13 03:01:15 Installed: automake-1.13.4-3.el7.noarch
May 13 03:01:16 Installed: nettle-2.7.1-8.el7.x86_64
May 13 03:01:16 Installed: efivar-libs-31-4.el7.x86_64
May 13 03:01:16 Installed: mokutil-12-1.el7.centos.x86_64
May 13 03:01:24 Installed: systemtap-client-3.2-4.el7.x86_64
May 13 03:01:27 Installed: libstdc++-devel-4.8.5-28.el7.x86_64
May 13 03:01:27 Installed: perl-TermReadKey-2.30-20.el7.x86_64
May 13 03:01:29 Installed: trousers-0.3.14-2.el7.x86_64
May 13 03:01:32 Installed: gnutls-3.3.26-9.el7.x86_64
May 13 03:01:32 Installed: neon-0.30.0-3.el7.x86_64
May 13 03:01:33 Installed: subversion-libs-1.7.14-14.el7.x86_64
May 13 03:01:34 Installed: libgnome-keyring-3.12.0-1.el7.x86_64
May 13 03:01:34 Installed: perl-Git-1.8.3.1-13.el7.noarch
May 13 03:01:41 Installed: git-1.8.3.1-13.el7.x86_64
May 13 03:01:42 Installed: gettext-devel-0.19.8.1-2.el7.x86_64
May 13 03:05:31 Installed: kernel-debug-devel-3.10.0-862.2.3.el7.x86_64
May 13 03:05:33 Installed: systemtap-devel-3.2-4.el7.x86_64
May 13 03:05:33 Installed: systemtap-3.2-4.el7.x86_64
May 13 03:05:34 Installed: intltool-0.50.2-7.el7.noarch
May 13 03:05:35 Installed: subversion-1.7.14-14.el7.x86_64
May 13 03:05:37 Installed: gcc-c++-4.8.5-28.el7.x86_64
May 13 03:05:37 Installed: libtool-2.4.2-22.el7_3.x86_64
May 13 03:05:38 Installed: rpm-build-4.11.3-32.el7.x86_64
May 13 03:05:39 Installed: cscope-15.8-10.el7.x86_64
May 13 03:05:40 Installed: gcc-gfortran-4.8.5-28.el7.x86_64
May 13 03:05:41 Installed: bison-3.0.4-1.el7.x86_64
May 13 03:05:42 Installed: flex-2.5.37-3.el7.x86_64
May 13 03:05:42 Installed: diffstat-1.57-4.el7.x86_64
May 13 03:05:42 Installed: rpm-sign-4.11.3-32.el7.x86_64
May 13 03:05:43 Installed: patchutils-0.3.3-4.el7.x86_64
May 13 03:05:43 Installed: indent-2.2.11-13.el7.x86_64
May 13 03:05:46 Installed: swig-2.0.10-5.el7.x86_64
May 13 03:05:46 Installed: rcs-5.9.0-5.el7.x86_64
May 13 03:05:54 Installed: 1:doxygen-1.8.5-3.el7.x86_64
May 13 03:05:54 Installed: byacc-1.9.20130304-3.el7.x86_64
May 13 03:05:54 Installed: ctags-5.8-13.el7.x86_64
