May 12 09:05:00 Updated: libgcc-4.8.5-28.el7.x86_64
May 12 09:05:01 Updated: 1:grub2-common-2.02-0.65.el7.centos.2.noarch
May 12 09:05:02 Updated: 1:grub2-pc-modules-2.02-0.65.el7.centos.2.noarch
May 12 09:05:02 Updated: firewalld-filesystem-0.4.4.4-14.el7.noarch
May 12 09:05:05 Updated: tzdata-2018e-3.el7.noarch
May 12 09:05:05 Updated: ncurses-base-5.9-14.20130511.el7_4.noarch
May 12 09:05:06 Updated: nss-softokn-freebl-3.34.0-2.el7.x86_64
May 12 09:05:21 Updated: glibc-common-2.17-222.el7.x86_64
May 12 09:05:25 Updated: glibc-2.17-222.el7.x86_64
May 12 09:05:26 Updated: nspr-4.17.0-1.el7.x86_64
May 12 09:05:26 Updated: nss-util-3.34.0-2.el7.x86_64
May 12 09:05:27 Updated: libstdc++-4.8.5-28.el7.x86_64
May 12 09:05:27 Updated: ncurses-libs-5.9-14.20130511.el7_4.x86_64
May 12 09:05:28 Updated: bash-4.2.46-30.el7.x86_64
May 12 09:05:29 Updated: libsepol-2.5-8.1.el7.x86_64
May 12 09:05:30 Updated: libselinux-2.5-12.el7.x86_64
May 12 09:05:31 Updated: audit-libs-2.8.1-3.el7.x86_64
May 12 09:05:31 Updated: libcom_err-1.42.9-11.el7.x86_64
May 12 09:05:31 Updated: libuuid-2.23.2-52.el7.x86_64
May 12 09:05:32 Updated: libdb-5.3.21-24.el7.x86_64
May 12 09:05:32 Updated: info-5.1-5.el7.x86_64
May 12 09:05:33 Updated: elfutils-libelf-0.170-4.el7.x86_64
May 12 09:05:33 Updated: cpio-2.11-27.el7.x86_64
May 12 09:05:33 Updated: libattr-2.4.46-13.el7.x86_64
May 12 09:05:34 Updated: libacl-2.2.51-14.el7.x86_64
May 12 09:05:34 Updated: libsemanage-2.5-11.el7.x86_64
May 12 09:05:35 Updated: iptables-1.4.21-24.el7.x86_64
May 12 09:05:35 Updated: iproute-4.11.0-14.el7.x86_64
May 12 09:05:36 Updated: nss-softokn-3.34.0-2.el7.x86_64
May 12 09:05:36 Updated: 2:ethtool-4.8-7.el7.x86_64
May 12 09:05:36 Updated: pciutils-libs-3.5.1-3.el7.x86_64
May 12 09:05:36 Installed: lz4-1.7.5-2.el7.x86_64
May 12 09:05:37 Updated: 2:tar-1.26-34.el7.x86_64
May 12 09:05:37 Updated: acl-2.2.51-14.el7.x86_64
May 12 09:05:38 Updated: 2:vim-minimal-7.4.160-4.el7.x86_64
May 12 09:05:38 Updated: libdb-utils-5.3.21-24.el7.x86_64
May 12 09:05:38 Updated: e2fsprogs-libs-1.42.9-11.el7.x86_64
May 12 09:05:39 Updated: libss-1.42.9-11.el7.x86_64
May 12 09:05:39 Updated: libselinux-utils-2.5-12.el7.x86_64
May 12 09:05:42 Updated: ca-certificates-2017.2.20-71.el7.noarch
May 12 09:05:42 Updated: ncurses-5.9-14.20130511.el7_4.x86_64
May 12 09:05:43 Updated: 1:openssl-libs-1.0.2k-12.el7.x86_64
May 12 09:05:45 Updated: coreutils-8.22-21.el7.x86_64
May 12 09:05:47 Updated: krb5-libs-1.15.1-19.el7.x86_64
May 12 09:05:47 Updated: libpwquality-1.2.3-5.el7.x86_64
May 12 09:05:49 Updated: pam-1.1.8-22.el7.x86_64
May 12 09:05:49 Updated: libblkid-2.23.2-52.el7.x86_64
May 12 09:05:50 Updated: centos-release-7-5.1804.el7.centos.x86_64
May 12 09:05:50 Updated: libmount-2.23.2-52.el7.x86_64
May 12 09:05:52 Updated: glib2-2.54.2-2.el7.x86_64
May 12 09:05:52 Updated: shared-mime-info-1.8-4.el7.x86_64
May 12 09:05:53 Updated: gzip-1.5-10.el7.x86_64
May 12 09:06:01 Updated: python-libs-2.7.5-68.el7.x86_64
May 12 09:06:01 Updated: python-2.7.5-68.el7.x86_64
May 12 09:06:02 Updated: python-gobject-base-3.22.0-1.el7_4.1.x86_64
May 12 09:06:02 Updated: libselinux-python-2.5-12.el7.x86_64
May 12 09:06:02 Updated: python-slip-0.4.0-4.el7.noarch
May 12 09:06:04 Updated: python-slip-dbus-0.4.0-4.el7.noarch
May 12 09:06:05 Updated: python-firewall-0.4.4.4-14.el7.noarch
May 12 09:06:06 Updated: python-perf-3.10.0-862.2.3.el7.x86_64
May 12 09:06:07 Updated: setup-2.8.71-9.el7.noarch
May 12 09:06:09 Updated: filesystem-3.2-25.el7.x86_64
May 12 09:06:09 Updated: cyrus-sasl-lib-2.1.26-23.el7.x86_64
May 12 09:06:33 Updated: linux-firmware-20180220-62.git6d51311.el7.noarch
May 12 09:06:36 Updated: binutils-2.27-27.base.el7.x86_64
May 12 09:06:37 Updated: nss-3.34.0-4.el7.x86_64
May 12 09:06:37 Updated: nss-sysinit-3.34.0-4.el7.x86_64
May 12 09:06:38 Updated: nss-tools-3.34.0-4.el7.x86_64
May 12 09:06:38 Updated: libcurl-7.29.0-46.el7.x86_64
May 12 09:06:39 Updated: curl-7.29.0-46.el7.x86_64
May 12 09:06:39 Updated: rpm-libs-4.11.3-32.el7.x86_64
May 12 09:06:41 Updated: rpm-4.11.3-32.el7.x86_64
May 12 09:06:42 Updated: openldap-2.4.44-13.el7.x86_64
May 12 09:06:43 Updated: libuser-0.60-9.el7.x86_64
May 12 09:06:44 Updated: rpm-build-libs-4.11.3-32.el7.x86_64
May 12 09:06:44 Updated: rpm-python-4.11.3-32.el7.x86_64
May 12 09:06:44 Updated: yum-plugin-fastestmirror-1.1.31-45.el7.noarch
May 12 09:06:45 Updated: yum-3.4.3-158.el7.centos.noarch
May 12 09:06:46 Updated: logrotate-3.8.6-15.el7.x86_64
May 12 09:06:46 Updated: device-mapper-persistent-data-0.7.3-3.el7.x86_64
May 12 09:06:47 Updated: mozjs17-17.0.0-20.el7.x86_64
May 12 09:06:47 Updated: libteam-1.27-4.el7.x86_64
May 12 09:06:48 Updated: numactl-libs-2.0.9-7.el7.x86_64
May 12 09:06:48 Updated: kmod-libs-20-21.el7.x86_64
May 12 09:06:51 Updated: util-linux-2.23.2-52.el7.x86_64
May 12 09:06:52 Updated: procps-ng-3.3.10-17.el7.x86_64
May 12 09:06:52 Updated: kpartx-0.4.9-119.el7.x86_64
May 12 09:06:52 Updated: 7:device-mapper-1.02.146-4.el7.x86_64
May 12 09:06:53 Updated: 7:device-mapper-libs-1.02.146-4.el7.x86_64
May 12 09:06:54 Updated: cryptsetup-libs-1.7.4-4.el7.x86_64
May 12 09:06:55 Updated: dracut-033-535.el7.x86_64
May 12 09:06:55 Updated: kmod-20-21.el7.x86_64
May 12 09:06:56 Updated: elfutils-libs-0.170-4.el7.x86_64
May 12 09:06:56 Updated: systemd-libs-219-57.el7.x86_64
May 12 09:06:57 Updated: 1:dbus-libs-1.10.24-7.el7.x86_64
May 12 09:07:05 Updated: systemd-219-57.el7.x86_64
May 12 09:07:06 Updated: 1:dbus-1.10.24-7.el7.x86_64
May 12 09:07:06 Updated: elfutils-default-yama-scope-0.170-4.el7.noarch
May 12 09:07:08 Updated: initscripts-9.49.41-1.el7.x86_64
May 12 09:07:08 Installed: 1:grub2-tools-minimal-2.02-0.65.el7.centos.2.x86_64
May 12 09:07:09 Updated: 7:device-mapper-event-libs-1.02.146-4.el7.x86_64
May 12 09:07:10 Installed: 1:grub2-tools-2.02-0.65.el7.centos.2.x86_64
May 12 09:07:11 Updated: polkit-0.112-14.el7.x86_64
May 12 09:07:11 Updated: systemd-sysv-219-57.el7.x86_64
May 12 09:07:12 Updated: 1:wpa_supplicant-2.6-9.el7.x86_64
May 12 09:07:14 Updated: 1:NetworkManager-libnm-1.10.2-13.el7.x86_64
May 12 09:07:17 Updated: 1:NetworkManager-1.10.2-13.el7.x86_64
May 12 09:07:18 Updated: 12:dhcp-libs-4.2.5-68.el7.centos.x86_64
May 12 09:07:19 Updated: openssh-7.4p1-16.el7.x86_64
May 12 09:07:21 Updated: policycoreutils-2.5-22.el7.x86_64
May 12 09:07:40 Updated: selinux-policy-3.13.1-192.el7_5.3.noarch
May 12 09:07:40 Updated: 12:dhcp-common-4.2.5-68.el7.centos.x86_64
May 12 09:07:41 Installed: 1:grub2-tools-extra-2.02-0.65.el7.centos.2.x86_64
May 12 09:07:41 Updated: 1:grub2-pc-2.02-0.65.el7.centos.2.x86_64
May 12 09:07:42 Updated: 7:device-mapper-event-1.02.146-4.el7.x86_64
May 12 09:07:42 Updated: 7:lvm2-libs-2.02.177-4.el7.x86_64
May 12 09:07:43 Updated: ebtables-2.0.10-16.el7.x86_64
May 12 09:07:45 Updated: hwdata-0.252-8.8.el7.x86_64
May 12 09:07:46 Updated: libpciaccess-0.14-1.el7.x86_64
May 12 09:07:46 Updated: libdrm-2.4.83-2.el7.x86_64
May 12 09:07:47 Updated: cronie-anacron-1.4.11-19.el7.x86_64
May 12 09:07:48 Updated: cronie-1.4.11-19.el7.x86_64
May 12 09:07:48 Updated: teamd-1.27-4.el7.x86_64
May 12 09:07:49 Updated: plymouth-core-libs-0.8.9-0.31.20140113.el7.centos.x86_64
May 12 09:07:49 Updated: plymouth-scripts-0.8.9-0.31.20140113.el7.centos.x86_64
May 12 09:07:49 Updated: plymouth-0.8.9-0.31.20140113.el7.centos.x86_64
May 12 09:07:50 Updated: virt-what-1.18-4.el7.x86_64
May 12 09:07:52 Updated: kernel-tools-libs-3.10.0-862.2.3.el7.x86_64
May 12 09:07:52 Updated: 32:bind-license-9.9.4-61.el7.noarch
May 12 09:07:52 Updated: 32:bind-libs-lite-9.9.4-61.el7.x86_64
May 12 09:07:53 Updated: 12:dhclient-4.2.5-68.el7.centos.x86_64
May 12 09:07:53 Updated: dracut-network-033-535.el7.x86_64
May 12 09:07:57 Updated: kexec-tools-2.0.15-13.el7.x86_64
May 12 09:07:58 Updated: kernel-tools-3.10.0-862.2.3.el7.x86_64
May 12 09:07:59 Updated: tuned-2.9.0-1.el7.noarch
May 12 09:07:59 Updated: 1:NetworkManager-team-1.10.2-13.el7.x86_64
May 12 09:08:01 Updated: firewalld-0.4.4.4-14.el7.noarch
May 12 09:08:02 Updated: 7:lvm2-2.02.177-4.el7.x86_64
May 12 09:08:02 Installed: 1:grub2-2.02-0.65.el7.centos.2.x86_64
May 12 09:08:35 Updated: selinux-policy-targeted-3.13.1-192.el7_5.3.noarch
May 12 09:08:35 Updated: openssh-clients-7.4p1-16.el7.x86_64
May 12 09:08:36 Updated: openssh-server-7.4p1-16.el7.x86_64
May 12 09:08:36 Updated: 1:NetworkManager-wifi-1.10.2-13.el7.x86_64
May 12 09:08:36 Updated: 1:NetworkManager-tui-1.10.2-13.el7.x86_64
May 12 09:08:37 Updated: audit-2.8.1-3.el7.x86_64
May 12 09:08:47 Installed: kernel-3.10.0-862.2.3.el7.x86_64
May 12 09:08:48 Updated: biosdevname-0.7.3-1.el7.x86_64
May 12 09:08:49 Updated: rsyslog-8.24.0-16.el7.x86_64
May 12 09:08:49 Updated: 3:irqbalance-1.0.7-11.el7.x86_64
May 12 09:08:50 Updated: 2:microcode_ctl-2.1-29.el7.x86_64
May 12 09:08:51 Updated: chrony-3.2-2.el7.x86_64
May 12 09:08:51 Updated: dracut-config-rescue-033-535.el7.x86_64
May 12 09:08:52 Updated: parted-3.1-29.el7.x86_64
May 12 09:08:54 Updated: sudo-1.8.19p2-13.el7.x86_64
May 12 09:08:56 Updated: xfsprogs-4.5.0-15.el7.x86_64
May 12 09:08:56 Updated: e2fsprogs-1.42.9-11.el7.x86_64
May 12 09:08:57 Updated: 1:openssl-1.0.2k-12.el7.x86_64
May 12 09:08:58 Updated: alsa-lib-1.1.4.1-2.el7.x86_64
May 12 09:08:58 Updated: libgomp-4.8.5-28.el7.x86_64
May 12 09:08:59 Updated: iprutils-2.4.15.1-1.el7.x86_64
May 12 09:08:59 Updated: iwl135-firmware-18.168.6.1-62.el7.noarch
May 12 09:08:59 Updated: iwl2030-firmware-18.168.6.1-62.el7.noarch
May 12 09:09:00 Updated: iwl7260-firmware-22.0.7.0-62.el7.noarch
May 12 09:09:00 Updated: iwl6050-firmware-41.28.5.1-62.el7.noarch
May 12 09:09:00 Updated: iwl4965-firmware-228.61.2.24-62.el7.noarch
May 12 09:09:01 Updated: iwl3160-firmware-22.0.7.0-62.el7.noarch
May 12 09:09:01 Updated: iwl6000-firmware-9.221.4.1-62.el7.noarch
May 12 09:09:02 Updated: iwl5000-firmware-8.83.5.1_1-62.el7.noarch
May 12 09:09:02 Updated: iwl3945-firmware-15.32.2.9-62.el7.noarch
May 12 09:09:02 Updated: iwl100-firmware-39.31.5.1-62.el7.noarch
May 12 09:09:03 Updated: iwl6000g2b-firmware-17.168.5.2-62.el7.noarch
May 12 09:09:03 Updated: iwl6000g2a-firmware-17.168.5.3-62.el7.noarch
May 12 09:09:03 Updated: iwl2000-firmware-18.168.6.1-62.el7.noarch
May 12 09:09:03 Updated: iwl105-firmware-18.168.6.1-62.el7.noarch
May 12 09:09:07 Updated: iwl7265-firmware-22.0.7.0-62.el7.noarch
May 12 09:09:08 Updated: 1:iwl1000-firmware-39.31.5.1-62.el7.noarch
May 12 09:09:08 Updated: iwl5150-firmware-8.24.2.2-62.el7.noarch
May 12 09:27:19 Installed: net-tools-2.0-0.22.20131004git.el7.x86_64
May 12 09:33:06 Installed: 1:perl-parent-0.225-244.el7.noarch
May 12 09:33:06 Installed: perl-HTTP-Tiny-0.033-3.el7.noarch
May 12 09:33:07 Installed: perl-podlators-2.5.1-3.el7.noarch
May 12 09:33:07 Installed: perl-Pod-Perldoc-3.20-4.el7.noarch
May 12 09:33:07 Installed: 1:perl-Pod-Escapes-1.04-292.el7.noarch
May 12 09:33:07 Installed: perl-Text-ParseWords-3.29-4.el7.noarch
May 12 09:33:08 Installed: perl-Encode-2.51-7.el7.x86_64
May 12 09:33:09 Installed: perl-Pod-Usage-1.63-3.el7.noarch
May 12 09:33:09 Installed: 4:perl-macros-5.16.3-292.el7.x86_64
May 12 09:33:09 Installed: 4:perl-libs-5.16.3-292.el7.x86_64
May 12 09:33:10 Installed: perl-Storable-2.45-3.el7.x86_64
May 12 09:33:10 Installed: perl-Exporter-5.68-3.el7.noarch
May 12 09:33:10 Installed: perl-constant-1.27-2.el7.noarch
May 12 09:33:10 Installed: perl-Time-Local-1.2300-2.el7.noarch
May 12 09:33:10 Installed: perl-Socket-2.010-4.el7.x86_64
May 12 09:33:10 Installed: perl-Carp-1.26-244.el7.noarch
May 12 09:33:11 Installed: 4:perl-Time-HiRes-1.9725-3.el7.x86_64
May 12 09:33:11 Installed: perl-PathTools-3.40-5.el7.x86_64
May 12 09:33:11 Installed: perl-Scalar-List-Utils-1.27-248.el7.x86_64
May 12 09:33:11 Installed: perl-File-Temp-0.23.01-3.el7.noarch
May 12 09:33:11 Installed: perl-File-Path-2.09-2.el7.noarch
May 12 09:33:11 Installed: perl-threads-shared-1.43-6.el7.x86_64
May 12 09:33:12 Installed: perl-threads-1.87-4.el7.x86_64
May 12 09:33:12 Installed: perl-Filter-1.49-3.el7.x86_64
May 12 09:33:12 Installed: 1:perl-Pod-Simple-3.28-4.el7.noarch
May 12 09:33:13 Installed: perl-Getopt-Long-2.40-3.el7.noarch
May 12 09:33:18 Installed: 4:perl-5.16.3-292.el7.x86_64
May 12 09:33:19 Installed: gpm-libs-1.20.7-5.el7.x86_64
May 12 09:33:20 Installed: 1:mc-4.8.7-11.el7.x86_64
May 12 11:14:49 Installed: wget-1.14-15.el7_4.1.x86_64
May 12 11:22:15 Installed: mpfr-3.1.1-4.el7.x86_64
May 12 11:22:15 Installed: libmpc-1.0.1-3.el7.x86_64
May 12 11:22:17 Installed: cpp-4.8.5-28.el7.x86_64
May 12 11:22:21 Installed: kernel-headers-3.10.0-862.2.3.el7.x86_64
May 12 11:22:23 Installed: glibc-headers-2.17-222.el7.x86_64
May 12 11:22:23 Installed: glibc-devel-2.17-222.el7.x86_64
May 12 11:22:28 Installed: gcc-4.8.5-28.el7.x86_64
May 12 11:55:03 Installed: bc-1.06.95-13.el7.x86_64
May 12 15:43:26 Installed: xz-lzma-compat-5.2.2-1.el7.x86_64
May 13 03:00:59 Installed: libquadmath-4.8.5-28.el7.x86_64
May 13 03:00:59 Installed: apr-1.4.8-3.el7_4.1.x86_64
May 13 03:01:00 Installed: m4-1.4.16-10.el7.x86_64
May 13 03:01:00 Installed: apr-util-1.5.2-6.el7.x86_64
May 13 03:01:01 Installed: zip-3.0-11.el7.x86_64
May 13 03:01:02 Installed: avahi-libs-0.6.31-19.el7.x86_64
May 13 03:01:02 Installed: patch-2.7.1-10.el7_5.x86_64
May 13 03:01:02 Installed: boost-system-1.53.0-27.el7.x86_64
May 13 03:01:03 Installed: unzip-6.0-19.el7.x86_64
May 13 03:01:03 Installed: 1:perl-Error-0.17020-2.el7.noarch
May 13 03:01:03 Installed: perl-Thread-Queue-3.02-2.el7.noarch
May 13 03:01:03 Installed: boost-thread-1.53.0-27.el7.x86_64
May 13 03:01:04 Installed: libgfortran-4.8.5-28.el7.x86_64
May 13 03:01:04 Installed: libquadmath-devel-4.8.5-28.el7.x86_64
May 13 03:01:04 Installed: libdwarf-20130207-4.el7.x86_64
May 13 03:01:04 Installed: perl-srpm-macros-1-8.el7.noarch
May 13 03:01:05 Installed: pakchois-0.4-10.el7.x86_64
May 13 03:01:05 Installed: dwz-0.11-3.el7.x86_64
May 13 03:01:05 Installed: redhat-rpm-config-9.1.0-80.el7.centos.noarch
May 13 03:01:05 Installed: 1:emacs-filesystem-24.3-20.el7_4.noarch
May 13 03:01:07 Installed: rsync-3.1.2-4.el7.x86_64
May 13 03:01:07 Installed: bzip2-1.0.6-13.el7.x86_64
May 13 03:01:07 Installed: perl-XML-Parser-2.41-10.el7.x86_64
May 13 03:01:08 Installed: perl-Data-Dumper-2.145-3.el7.x86_64
May 13 03:01:08 Installed: autoconf-2.69-11.el7.noarch
May 13 03:01:09 Installed: boost-date-time-1.53.0-27.el7.x86_64
May 13 03:01:10 Installed: dyninst-9.3.1-1.el7.x86_64
May 13 03:01:11 Installed: systemtap-runtime-3.2-4.el7.x86_64
May 13 03:01:12 Installed: libmodman-2.0.1-8.el7.x86_64
May 13 03:01:12 Installed: libproxy-0.4.11-11.el7.x86_64
May 13 03:01:13 Installed: gdb-7.6.1-110.el7.x86_64
May 13 03:01:14 Installed: elfutils-0.170-4.el7.x86_64
May 13 03:01:14 Installed: gettext-common-devel-0.19.8.1-2.el7.noarch
May 13 03:01:14 Installed: perl-Test-Harness-3.28-3.el7.noarch
May 13 03:01:15 Installed: automake-1.13.4-3.el7.noarch
May 13 03:01:16 Installed: nettle-2.7.1-8.el7.x86_64
May 13 03:01:16 Installed: efivar-libs-31-4.el7.x86_64
May 13 03:01:16 Installed: mokutil-12-1.el7.centos.x86_64
May 13 03:01:24 Installed: systemtap-client-3.2-4.el7.x86_64
May 13 03:01:27 Installed: libstdc++-devel-4.8.5-28.el7.x86_64
May 13 03:01:27 Installed: perl-TermReadKey-2.30-20.el7.x86_64
May 13 03:01:29 Installed: trousers-0.3.14-2.el7.x86_64
May 13 03:01:32 Installed: gnutls-3.3.26-9.el7.x86_64
May 13 03:01:32 Installed: neon-0.30.0-3.el7.x86_64
May 13 03:01:33 Installed: subversion-libs-1.7.14-14.el7.x86_64
May 13 03:01:34 Installed: libgnome-keyring-3.12.0-1.el7.x86_64
May 13 03:01:34 Installed: perl-Git-1.8.3.1-13.el7.noarch
May 13 03:01:41 Installed: git-1.8.3.1-13.el7.x86_64
May 13 03:01:42 Installed: gettext-devel-0.19.8.1-2.el7.x86_64
May 13 03:05:31 Installed: kernel-debug-devel-3.10.0-862.2.3.el7.x86_64
May 13 03:05:33 Installed: systemtap-devel-3.2-4.el7.x86_64
May 13 03:05:33 Installed: systemtap-3.2-4.el7.x86_64
May 13 03:05:34 Installed: intltool-0.50.2-7.el7.noarch
May 13 03:05:35 Installed: subversion-1.7.14-14.el7.x86_64
May 13 03:05:37 Installed: gcc-c++-4.8.5-28.el7.x86_64
May 13 03:05:37 Installed: libtool-2.4.2-22.el7_3.x86_64
May 13 03:05:38 Installed: rpm-build-4.11.3-32.el7.x86_64
May 13 03:05:39 Installed: cscope-15.8-10.el7.x86_64
May 13 03:05:40 Installed: gcc-gfortran-4.8.5-28.el7.x86_64
May 13 03:05:41 Installed: bison-3.0.4-1.el7.x86_64
May 13 03:05:42 Installed: flex-2.5.37-3.el7.x86_64
May 13 03:05:42 Installed: diffstat-1.57-4.el7.x86_64
May 13 03:05:42 Installed: rpm-sign-4.11.3-32.el7.x86_64
May 13 03:05:43 Installed: patchutils-0.3.3-4.el7.x86_64
May 13 03:05:43 Installed: indent-2.2.11-13.el7.x86_64
May 13 03:05:46 Installed: swig-2.0.10-5.el7.x86_64
May 13 03:05:46 Installed: rcs-5.9.0-5.el7.x86_64
May 13 03:05:54 Installed: 1:doxygen-1.8.5-3.el7.x86_64
May 13 03:05:54 Installed: byacc-1.9.20130304-3.el7.x86_64
May 13 03:05:54 Installed: ctags-5.8-13.el7.x86_64
